<?xml version="1.0" encoding="UTF-8"?>
<testng-results ignored="0" total="1" passed="1" failed="0" skipped="0">
  <reporter-output>
  </reporter-output>
  <suite started-at="2023-03-24T12:39:13 IST" name="Default suite" finished-at="2023-03-24T12:39:14 IST" duration-ms="205">
    <groups>
    </groups>
    <test started-at="2023-03-24T12:39:13 IST" name="Default test" finished-at="2023-03-24T12:39:14 IST" duration-ms="205">
      <class name="practice.Demo">
        <test-method signature="demo()[pri:0, instance:practice.Demo@12b0404f]" started-at="2023-03-24T12:39:13 IST" name="demo" finished-at="2023-03-24T12:39:13 IST" duration-ms="35" status="PASS">
          <reporter-output>
          </reporter-output>
        </test-method> <!-- demo -->
      </class> <!-- practice.Demo -->
    </test> <!-- Default test -->
  </suite> <!-- Default suite -->
</testng-results>
